Started GET "/" for 127.0.0.1 at 2018-05-29 09:31:28 -0400
  
ActionController::RoutingError (uninitialized constant HomesController):
  
activesupport (5.1.6) lib/active_support/inflector/methods.rb:269:in `const_get'
activesupport (5.1.6) lib/active_support/inflector/methods.rb:269:in `block in constantize'
activesupport (5.1.6) lib/active_support/inflector/methods.rb:267:in `each'
activesupport (5.1.6) lib/active_support/inflector/methods.rb:267:in `inject'
activesupport (5.1.6) lib/active_support/inflector/methods.rb:267:in `constantize'
actionpack (5.1.6) lib/action_dispatch/http/request.rb:85:in `controller_class_for'
actionpack (5.1.6) lib/action_dispatch/http/request.rb:78:in `controller_class'
actionpack (5.1.6) lib/action_dispatch/routing/route_set.rb:43:in `controller'
actionpack (5.1.6) lib/action_dispatch/routing/route_set.rb:29:in `serve'
actionpack (5.1.6) lib/action_dispatch/journey/router.rb:50:in `block in serve'
actionpack (5.1.6) lib/action_dispatch/journey/router.rb:33:in `each'
actionpack (5.1.6) lib/action_dispatch/journey/router.rb:33:in `serve'
actionpack (5.1.6) lib/action_dispatch/routing/route_set.rb:844:in `call'
rack (2.0.5) lib/rack/etag.rb:25:in `call'
rack (2.0.5) lib/rack/conditional_get.rb:25:in `call'
rack (2.0.5) lib/rack/head.rb:12:in `call'
rack (2.0.5) lib/rack/session/abstract/id.rb:232:in `context'
rack (2.0.5) lib/rack/session/abstract/id.rb:226:in `call'
actionpack (5.1.6) lib/action_dispatch/middleware/cookies.rb:613:in `call'
activerecord (5.1.6) lib/active_record/migration.rb:556:in `call'
actionpack (5.1.6) lib/action_dispatch/middleware/callbacks.rb:26:in `block in call'
activesupport (5.1.6) lib/active_support/callbacks.rb:97:in `run_callbacks'
actionpack (5.1.6) lib/action_dispatch/middleware/callbacks.rb:24:in `call'
actionpack (5.1.6) lib/action_dispatch/middleware/executor.rb:12:in `call'
actionpack (5.1.6) lib/action_dispatch/middleware/debug_exceptions.rb:59:in `call'
web-console (3.6.2) lib/web_console/middleware.rb:135:in `call_app'
web-console (3.6.2) lib/web_console/middleware.rb:30:in `block in call'
web-console (3.6.2) lib/web_console/middleware.rb:20:in `catch'
web-console (3.6.2) lib/web_console/middleware.rb:20:in `call'
actionpack (5.1.6) lib/action_dispatch/middleware/show_exceptions.rb:31:in `call'
railties (5.1.6) lib/rails/rack/logger.rb:36:in `call_app'
railties (5.1.6) lib/rails/rack/logger.rb:24:in `block in call'
activesupport (5.1.6) lib/active_support/tagged_logging.rb:69:in `block in tagged'
activesupport (5.1.6) lib/active_support/tagged_logging.rb:26:in `tagged'
activesupport (5.1.6) lib/active_support/tagged_logging.rb:69:in `tagged'
railties (5.1.6) lib/rails/rack/logger.rb:24:in `call'
sprockets-rails (3.2.1) lib/sprockets/rails/quiet_assets.rb:13:in `call'
actionpack (5.1.6) lib/action_dispatch/middleware/remote_ip.rb:79:in `call'
actionpack (5.1.6) lib/action_dispatch/middleware/request_id.rb:25:in `call'
rack (2.0.5) lib/rack/method_override.rb:22:in `call'
rack (2.0.5) lib/rack/runtime.rb:22:in `call'
activesupport (5.1.6) lib/active_support/cache/strategy/local_cache_middleware.rb:27:in `call'
actionpack (5.1.6) lib/action_dispatch/middleware/executor.rb:12:in `call'
actionpack (5.1.6) lib/action_dispatch/middleware/static.rb:125:in `call'
rack (2.0.5) lib/rack/sendfile.rb:111:in `call'
railties (5.1.6) lib/rails/engine.rb:522:in `call'
puma (3.11.4) lib/puma/configuration.rb:225:in `call'
puma (3.11.4) lib/puma/server.rb:632:in `handle_request'
puma (3.11.4) lib/puma/server.rb:446:in `process_client'
puma (3.11.4) lib/puma/server.rb:306:in `block in run'
puma (3.11.4) lib/puma/thread_pool.rb:120:in `block in spawn_thread'
Started GET "/" for 127.0.0.1 at 2018-05-29 09:32:44 -0400
Processing by HomeController#index as HTML
  Rendering home/index.html.erb within layouts/application
  Rendered home/index.html.erb within layouts/application (2.3ms)
Completed 200 OK in 2201ms (Views: 1948.5ms)


Started GET "/" for 127.0.0.1 at 2018-05-29 09:33:00 -0400
Processing by HomeController#index as HTML
  Rendering home/index.html.erb within layouts/application
  Rendered home/index.html.erb within layouts/application (0.7ms)
Completed 200 OK in 29ms (Views: 27.1ms)


Started GET "/" for 127.0.0.1 at 2018-05-29 09:38:16 -0400
Processing by HomeController#index as HTML
  Rendering home/index.html.erb within layouts/application
  Rendered home/index.html.erb within layouts/application (1.1ms)
Completed 200 OK in 436ms (Views: 266.0ms)


Started GET "/" for 127.0.0.1 at 2018-05-29 09:39:18 -0400
Processing by HomeController#index as HTML
  Rendering home/index.html.erb within layouts/application
  Rendered home/index.html.erb within layouts/application (1.2ms)
Completed 200 OK in 474ms (Views: 202.6ms)


Started GET "/" for 127.0.0.1 at 2018-05-29 09:42:02 -0400
Processing by HomeController#index as HTML
  Rendering home/index.html.erb within layouts/application
  Rendered home/index.html.erb within layouts/application (1.2ms)
Completed 200 OK in 443ms (Views: 264.4ms)


Started GET "/" for 127.0.0.1 at 2018-05-29 09:42:43 -0400
Processing by HomeController#index as HTML
  Rendering home/index.html.erb within layouts/application
  Rendered home/index.html.erb within layouts/application (1.3ms)
Completed 200 OK in 428ms (Views: 259.5ms)


Started GET "/" for 127.0.0.1 at 2018-05-29 09:44:49 -0400
Processing by HomeController#index as HTML
  Rendering home/index.html.erb within layouts/application
  Rendered home/index.html.erb within layouts/application (1.1ms)
Completed 200 OK in 441ms (Views: 263.2ms)


Started GET "/" for 127.0.0.1 at 2018-05-29 09:44:59 -0400
Processing by HomeController#index as HTML
  Rendering home/index.html.erb within layouts/application
  Rendered home/index.html.erb within layouts/application (0.7ms)
Completed 200 OK in 25ms (Views: 23.8ms)


Started GET "/" for 127.0.0.1 at 2018-05-29 09:47:05 -0400
Processing by HomeController#index as HTML
  Rendering home/index.html.erb within layouts/application
  Rendered home/index.html.erb within layouts/application (1.0ms)
Completed 200 OK in 475ms (Views: 213.1ms)


Started GET "/" for 127.0.0.1 at 2018-05-29 09:49:01 -0400
Processing by HomeController#index as HTML
  Rendering home/index.html.erb within layouts/application
  Rendered home/index.html.erb within layouts/application (1.0ms)
Completed 200 OK in 481ms (Views: 308.0ms)


Started GET "/" for 127.0.0.1 at 2018-05-29 09:52:04 -0400
Processing by HomeController#index as HTML
  Rendering home/index.html.erb within layouts/application
  Rendered home/index.html.erb within layouts/application (1.2ms)
Completed 200 OK in 467ms (Views: 293.2ms)


Started GET "/" for 127.0.0.1 at 2018-05-29 10:04:54 -0400
Processing by HomeController#index as HTML
  Rendering home/index.html.erb within layouts/application
  Rendered home/index.html.erb within layouts/application (1.1ms)
Completed 200 OK in 581ms (Views: 322.3ms)


Started GET "/" for 127.0.0.1 at 2018-05-29 10:36:53 -0400
Processing by HomeController#index as HTML
  Rendering home/index.html.erb within layouts/application
  Rendered home/index.html.erb within layouts/application (0.7ms)
Completed 200 OK in 250ms (Views: 247.2ms)


Started GET "/" for 127.0.0.1 at 2018-05-29 10:37:43 -0400
Processing by HomeController#index as HTML
  Rendering home/index.html.erb within layouts/application
  Rendered home/index.html.erb within layouts/application (1.2ms)
Completed 200 OK in 660ms (Views: 374.0ms)


Started GET "/" for 127.0.0.1 at 2018-05-29 10:38:49 -0400
Processing by HomeController#index as HTML
  Rendering home/index.html.erb within layouts/application
  Rendered home/index.html.erb within layouts/application (0.5ms)
Completed 200 OK in 28ms (Views: 26.5ms)


Started GET "/" for 127.0.0.1 at 2018-05-29 10:39:40 -0400
Processing by HomeController#index as HTML
  Rendering home/index.html.erb within layouts/application
  Rendered home/index.html.erb within layouts/application (1.1ms)
Completed 200 OK in 441ms (Views: 265.5ms)


Started GET "/" for 127.0.0.1 at 2018-05-29 10:41:39 -0400
Processing by HomeController#index as HTML
  Rendering home/index.html.erb within layouts/application
  Rendered home/index.html.erb within layouts/application (1.1ms)
Completed 200 OK in 438ms (Views: 266.7ms)


Started GET "/" for 127.0.0.1 at 2018-05-29 10:42:30 -0400
Processing by HomeController#index as HTML
  Rendering home/index.html.erb within layouts/application
  Rendered home/index.html.erb within layouts/application (1.1ms)
Completed 200 OK in 491ms (Views: 320.5ms)


Started GET "/" for 127.0.0.1 at 2018-05-29 10:43:33 -0400
Processing by HomeController#index as HTML
  Rendering home/index.html.erb within layouts/application
  Rendered home/index.html.erb within layouts/application (1.1ms)
Completed 200 OK in 455ms (Views: 287.5ms)


Started GET "/" for 127.0.0.1 at 2018-05-29 10:48:31 -0400
Processing by HomeController#index as HTML
  Rendering home/index.html.erb within layouts/application
  Rendered home/index.html.erb within layouts/application (1.3ms)
Completed 200 OK in 473ms (Views: 205.9ms)


Started GET "/" for 127.0.0.1 at 2018-05-29 11:31:16 -0400
Processing by HomeController#index as HTML
  Rendering home/index.html.erb within layouts/application
  Rendered home/index.html.erb within layouts/application (1.2ms)
Completed 500 Internal Server Error in 396ms


  
SyntaxError (/home/cesar/Documentos/Taller-de-Integración/T03/T03/Tarea3/app/views/home/index.html.erb:37: syntax error, unexpected tIDENTIFIER, expecting keyword_end
  //   colores = []
              ^
/home/cesar/Documentos/Taller-de-Integración/T03/T03/Tarea3/app/views/home/index.html.erb:38: syntax error, unexpected tIDENTIFIER, expecting keyword_end
  //   colores = []
              ^
/home/cesar/Documentos/Taller-de-Integración/T03/T03/Tarea3/app/views/home/index.html.erb:39: syntax error, unexpected tIDENTIFIER, expecting keyword_end
  //   vuelos = Hash.new
             ^
/home/cesar/Documentos/Taller-de-Integración/T03/T03/Tarea3/app/views/home/index.html.erb:40: syntax error, unexpected tIDENTIFIER, expecting keyword_end
  //   todos_vuelos.each do |vuelo|
                   ^
/home/cesar/Documentos/Taller-de-Integración/T03/T03/Tarea3/app/views/home/index.html.erb:41: syntax error, unexpected tIDENTIFIER, expecting keyword_end
  //     vuelos['code'] = {lat_actual: 0, lon
               ^
/home/cesar/Documentos/Taller-de-Integración/T03/T03/Tarea3/app/views/home/index.html.erb:43: syntax error, unexpected tIDENTIFIER, expecting end-of-input
  //   todos_vuelos.each do |vuelo|
                   ^):
  
app/views/home/index.html.erb:37: syntax error, unexpected tIDENTIFIER, expecting keyword_end
app/views/home/index.html.erb:38: syntax error, unexpected tIDENTIFIER, expecting keyword_end
app/views/home/index.html.erb:39: syntax error, unexpected tIDENTIFIER, expecting keyword_end
app/views/home/index.html.erb:40: syntax error, unexpected tIDENTIFIER, expecting keyword_end
app/views/home/index.html.erb:41: syntax error, unexpected tIDENTIFIER, expecting keyword_end
app/views/home/index.html.erb:43: syntax error, unexpected tIDENTIFIER, expecting end-of-input
Started GET "/" for 127.0.0.1 at 2018-05-29 11:31:46 -0400
Processing by HomeController#index as HTML
  Rendering home/index.html.erb within layouts/application
  Rendered home/index.html.erb within layouts/application (1.0ms)
Completed 500 Internal Server Error in 5ms


  
SyntaxError (/home/cesar/Documentos/Taller-de-Integración/T03/T03/Tarea3/app/views/home/index.html.erb:55: syntax error, unexpected keyword_ensure, expecting keyword_end
          ensure
                ^
/home/cesar/Documentos/Taller-de-Integración/T03/T03/Tarea3/app/views/home/index.html.erb:57: syntax error, unexpected end-of-input, expecting keyword_end):
  
app/views/home/index.html.erb:55: syntax error, unexpected keyword_ensure, expecting keyword_end
app/views/home/index.html.erb:57: syntax error, unexpected end-of-input, expecting keyword_end
Started GET "/" for 127.0.0.1 at 2018-05-29 11:31:55 -0400
Processing by HomeController#index as HTML
  Rendering home/index.html.erb within layouts/application
  Rendered home/index.html.erb within layouts/application (1.5ms)
Completed 500 Internal Server Error in 273ms


  
SyntaxError (/home/cesar/Documentos/Taller-de-Integración/T03/T03/Tarea3/app/views/home/index.html.erb:55: syntax error, unexpected keyword_ensure, expecting keyword_end
          ensure
                ^
/home/cesar/Documentos/Taller-de-Integración/T03/T03/Tarea3/app/views/home/index.html.erb:57: syntax error, unexpected end-of-input, expecting keyword_end):
  
app/views/home/index.html.erb:55: syntax error, unexpected keyword_ensure, expecting keyword_end
app/views/home/index.html.erb:57: syntax error, unexpected end-of-input, expecting keyword_end
Started GET "/" for 127.0.0.1 at 2018-05-29 11:33:10 -0400
Processing by HomeController#index as HTML
  Rendering home/index.html.erb within layouts/application
  Rendered home/index.html.erb within layouts/application (264.8ms)
Completed 500 Internal Server Error in 443ms


  
ActionView::Template::Error (undefined local variable or method `msg' for #<#<Class:0x0055be266cb1c0>:0x0055be266c1210>):
    37:   const socket = io('wss://integracion-tarea-3.herokuapp.com', {'path': '/flights'});
    38:       socket.on('POSITION', function(msg){
    39:         <% if not vuelos.key?("user") %>
    40:             <% vuelos[msg['code']] = {lat_actual: msg['position'][0],lon_actual: msg['position'][1]} %>
    41:         <% end %>
    42:         console.log(msg);
    43:         var polyline = new GPolyline([
  
app/views/home/index.html.erb:40:in `_app_views_home_index_html_erb___2353193151977674406_47137588254640'
Started GET "/" for 127.0.0.1 at 2018-05-29 11:39:24 -0400
Processing by HomeController#index as HTML
  Rendering home/index.html.erb within layouts/application
  Rendered home/index.html.erb within layouts/application (1.3ms)
Completed 500 Internal Server Error in 178ms


  
SyntaxError (/home/cesar/Documentos/Taller-de-Integración/T03/T03/Tarea3/app/views/home/index.html.erb:40: syntax error, unexpected ';', expecting ']'
            '.freeze; vuelos[;@output_buffer.safe_append='ms
                              ^
/home/cesar/Documentos/Taller-de-Integración/T03/T03/Tarea3/app/views/home/index.html.erb:40: syntax error, unexpected ']', expecting keyword_end
ppend='msg[\'code\']'.freeze;] = {lat_actual: ;@output_buffe
                              ^
/home/cesar/Documentos/Taller-de-Integración/T03/T03/Tarea3/app/views/home/index.html.erb:40: syntax error, unexpected ',', expecting keyword_end
msg[\'position\'][0]'.freeze;, lon_actual: ;@output_buffer.s
                              ^
/home/cesar/Documentos/Taller-de-Integración/T03/T03/Tarea3/app/views/home/index.html.erb:40: syntax error, unexpected '}', expecting keyword_end
msg[\'position\'][1]'.freeze;} ;@output_buffer.safe_append='
                              ^
/home/cesar/Documentos/Taller-de-Integración/T03/T03/Tarea3/app/views/home/index.html.erb:48: syntax error, unexpected ';', expecting ']'
nd='        '.freeze; vuelos[;@output_buffer.safe_append='ms
                              ^
/home/cesar/Documentos/Taller-de-Integración/T03/T03/Tarea3/app/views/home/index.html.erb:48: syntax error, unexpected ']', expecting keyword_end
ppend='msg[\'code\']'.freeze;].lat_actual = ;@output_buffer.
                              ^
/home/cesar/Documentos/Taller-de-Integración/T03/T03/Tarea3/app/views/home/index.html.erb:49: syntax error, unexpected ';', expecting ']'
           vuelos[;@output_buffer.safe_append='ms
                   ^
/home/cesar/Documentos/Taller-de-Integración/T03/T03/Tarea3/app/views/home/index.html.erb:49: syntax error, unexpected ']', expecting keyword_end
ppend='msg[\'code\']'.freeze;].lon_actual = ;@output_buffer.
                              ^):
  
app/views/home/index.html.erb:40: syntax error, unexpected ';', expecting ']'
app/views/home/index.html.erb:40: syntax error, unexpected ']', expecting keyword_end
app/views/home/index.html.erb:40: syntax error, unexpected ',', expecting keyword_end
app/views/home/index.html.erb:40: syntax error, unexpected '}', expecting keyword_end
app/views/home/index.html.erb:48: syntax error, unexpected ';', expecting ']'
app/views/home/index.html.erb:48: syntax error, unexpected ']', expecting keyword_end
app/views/home/index.html.erb:49: syntax error, unexpected ';', expecting ']'
app/views/home/index.html.erb:49: syntax error, unexpected ']', expecting keyword_end
Started GET "/" for 127.0.0.1 at 2018-05-29 11:40:17 -0400
Processing by HomeController#index as HTML
  Rendering home/index.html.erb within layouts/application
  Rendered home/index.html.erb within layouts/application (287.4ms)
Completed 500 Internal Server Error in 465ms


  
ActionView::Template::Error (undefined local variable or method `msg' for #<#<Class:0x00563238358d18>:0x0056323834ee30>):
    37:   const socket = io('wss://integracion-tarea-3.herokuapp.com', {'path': '/flights'});
    38:       socket.on('POSITION', function(msg){
    39:         <% if not vuelos.key?("user") %>
    40:             <%= vuelos[msg['code']] = {lat_actual: msg['position'][0],lon_actual: msg['position'][1]} %>
    41:         <% end %>
    42:         console.log(msg);
    43:         var polyline = new GPolyline([
  
app/views/home/index.html.erb:40:in `_app_views_home_index_html_erb___1242378505174239781_47386845527920'
Started GET "/" for 127.0.0.1 at 2018-05-29 11:50:13 -0400
Processing by HomeController#index as HTML
  Rendering home/index.html.erb within layouts/application
  Rendered home/index.html.erb within layouts/application (1.2ms)
Completed 200 OK in 605ms (Views: 439.3ms)


Started GET "/" for 127.0.0.1 at 2018-05-29 11:52:32 -0400
Processing by HomeController#index as HTML
  Rendering home/index.html.erb within layouts/application
  Rendered home/index.html.erb within layouts/application (2.0ms)
Completed 200 OK in 470ms (Views: 213.8ms)


Started GET "/" for 127.0.0.1 at 2018-05-29 11:53:12 -0400
Processing by HomeController#index as HTML
  Rendering home/index.html.erb within layouts/application
  Rendered home/index.html.erb within layouts/application (1.1ms)
Completed 200 OK in 440ms (Views: 276.4ms)


Started GET "/" for 127.0.0.1 at 2018-05-29 11:55:18 -0400
Processing by HomeController#index as HTML
  Rendering home/index.html.erb within layouts/application
  Rendered home/index.html.erb within layouts/application (1.1ms)
Completed 200 OK in 445ms (Views: 275.2ms)


Started GET "/" for 127.0.0.1 at 2018-05-29 11:58:08 -0400
Processing by HomeController#index as HTML
  Rendering home/index.html.erb within layouts/application
  Rendered home/index.html.erb within layouts/application (1.2ms)
Completed 200 OK in 442ms (Views: 269.2ms)


Started GET "/" for 127.0.0.1 at 2018-05-29 11:59:42 -0400
Processing by HomeController#index as HTML
  Rendering home/index.html.erb within layouts/application
  Rendered home/index.html.erb within layouts/application (1.1ms)
Completed 200 OK in 442ms (Views: 267.0ms)


Started GET "/" for 127.0.0.1 at 2018-05-29 12:00:21 -0400
Processing by HomeController#index as HTML
  Rendering home/index.html.erb within layouts/application
  Rendered home/index.html.erb within layouts/application (0.8ms)
Completed 200 OK in 27ms (Views: 25.1ms)


Started GET "/" for 127.0.0.1 at 2018-05-29 12:00:33 -0400
Processing by HomeController#index as HTML
  Rendering home/index.html.erb within layouts/application
  Rendered home/index.html.erb within layouts/application (1.1ms)
Completed 200 OK in 390ms (Views: 221.3ms)


Started GET "/" for 127.0.0.1 at 2018-05-29 12:01:09 -0400
Processing by HomeController#index as HTML
  Rendering home/index.html.erb within layouts/application
  Rendered home/index.html.erb within layouts/application (0.8ms)
Completed 200 OK in 36ms (Views: 34.6ms)


Started GET "/" for 127.0.0.1 at 2018-05-29 12:02:46 -0400
Processing by HomeController#index as HTML
  Rendering home/index.html.erb within layouts/application
  Rendered home/index.html.erb within layouts/application (2.0ms)
Completed 200 OK in 443ms (Views: 276.0ms)


Started GET "/" for 127.0.0.1 at 2018-05-29 12:11:44 -0400
Processing by HomeController#index as HTML
  Rendering home/index.html.erb within layouts/application
  Rendered home/index.html.erb within layouts/application (1.1ms)
Completed 200 OK in 433ms (Views: 259.7ms)


Started GET "/" for 127.0.0.1 at 2018-05-29 12:18:02 -0400
Processing by HomeController#index as HTML
  Rendering home/index.html.erb within layouts/application
  Rendered home/index.html.erb within layouts/application (1.5ms)
Completed 200 OK in 434ms (Views: 258.8ms)


Started GET "/" for 127.0.0.1 at 2018-05-29 12:20:18 -0400
Processing by HomeController#index as HTML
  Rendering home/index.html.erb within layouts/application
  Rendered home/index.html.erb within layouts/application (1.5ms)
Completed 200 OK in 485ms (Views: 220.9ms)


Started GET "/" for 127.0.0.1 at 2018-05-29 12:21:01 -0400
Processing by HomeController#index as HTML
  Rendering home/index.html.erb within layouts/application
  Rendered home/index.html.erb within layouts/application (1.3ms)
Completed 200 OK in 429ms (Views: 262.7ms)


Started GET "/" for 127.0.0.1 at 2018-05-29 12:22:08 -0400
Processing by HomeController#index as HTML
  Rendering home/index.html.erb within layouts/application
  Rendered home/index.html.erb within layouts/application (0.8ms)
Completed 200 OK in 33ms (Views: 31.4ms)


Started GET "/" for 127.0.0.1 at 2018-05-29 12:22:41 -0400
Processing by HomeController#index as HTML
  Rendering home/index.html.erb within layouts/application
  Rendered home/index.html.erb within layouts/application (0.6ms)
Completed 200 OK in 31ms (Views: 29.7ms)


Started GET "/" for 127.0.0.1 at 2018-05-29 12:25:15 -0400
Processing by HomeController#index as HTML
  Rendering home/index.html.erb within layouts/application
  Rendered home/index.html.erb within layouts/application (1.4ms)
Completed 200 OK in 449ms (Views: 274.2ms)


Started GET "/" for 127.0.0.1 at 2018-05-29 12:28:28 -0400
Processing by HomeController#index as HTML
  Rendering home/index.html.erb within layouts/application
  Rendered home/index.html.erb within layouts/application (1.2ms)
Completed 200 OK in 492ms (Views: 208.4ms)


Started GET "/" for 127.0.0.1 at 2018-05-29 12:29:58 -0400
Processing by HomeController#index as HTML
  Rendering home/index.html.erb within layouts/application
  Rendered home/index.html.erb within layouts/application (1.2ms)
Completed 200 OK in 470ms (Views: 211.8ms)


Started GET "/" for 127.0.0.1 at 2018-05-29 12:30:38 -0400
Processing by HomeController#index as HTML
  Rendering home/index.html.erb within layouts/application
  Rendered home/index.html.erb within layouts/application (1.8ms)
Completed 200 OK in 29ms (Views: 27.4ms)


Started GET "/" for 127.0.0.1 at 2018-05-29 12:31:03 -0400
Processing by HomeController#index as HTML
  Rendering home/index.html.erb within layouts/application
  Rendered home/index.html.erb within layouts/application (0.9ms)
Completed 200 OK in 34ms (Views: 32.7ms)


Started GET "/" for 127.0.0.1 at 2018-05-29 12:33:45 -0400
Processing by HomeController#index as HTML
  Rendering home/index.html.erb within layouts/application
  Rendered home/index.html.erb within layouts/application (0.7ms)
Completed 200 OK in 28ms (Views: 26.5ms)


Started GET "/" for 127.0.0.1 at 2018-05-29 13:16:03 -0400
Processing by HomeController#index as HTML
  Rendering home/index.html.erb within layouts/application
  Rendered home/index.html.erb within layouts/application (1.5ms)
Completed 200 OK in 498ms (Views: 245.9ms)


Started GET "/" for 127.0.0.1 at 2018-05-29 13:26:38 -0400
Processing by HomeController#index as HTML
  Rendering home/index.html.erb within layouts/application
  Rendered home/index.html.erb within layouts/application (0.8ms)
Completed 200 OK in 28ms (Views: 26.7ms)


Started GET "/" for 127.0.0.1 at 2018-05-29 13:28:44 -0400
Processing by HomeController#index as HTML
  Rendering home/index.html.erb within layouts/application
  Rendered home/index.html.erb within layouts/application (1.0ms)
Completed 200 OK in 31ms (Views: 29.0ms)


Started GET "/" for 127.0.0.1 at 2018-05-29 13:29:44 -0400
Processing by HomeController#index as HTML
  Rendering home/index.html.erb within layouts/application
  Rendered home/index.html.erb within layouts/application (1.5ms)
Completed 200 OK in 29ms (Views: 27.8ms)


Started GET "/" for 127.0.0.1 at 2018-05-29 13:30:32 -0400
Processing by HomeController#index as HTML
  Rendering home/index.html.erb within layouts/application
  Rendered home/index.html.erb within layouts/application (0.6ms)
Completed 200 OK in 26ms (Views: 25.1ms)


Started GET "/" for 127.0.0.1 at 2018-05-29 13:32:04 -0400
Processing by HomeController#index as HTML
  Rendering home/index.html.erb within layouts/application
  Rendered home/index.html.erb within layouts/application (0.7ms)
Completed 200 OK in 57ms (Views: 54.7ms)


Started GET "/" for 127.0.0.1 at 2018-05-29 13:33:40 -0400
Processing by HomeController#index as HTML
  Rendering home/index.html.erb within layouts/application
  Rendered home/index.html.erb within layouts/application (1.2ms)
Completed 200 OK in 32ms (Views: 30.0ms)


Started GET "/" for 127.0.0.1 at 2018-05-29 13:34:50 -0400
Processing by HomeController#index as HTML
  Rendering home/index.html.erb within layouts/application
  Rendered home/index.html.erb within layouts/application (0.7ms)
Completed 200 OK in 32ms (Views: 30.3ms)


Started GET "/" for 127.0.0.1 at 2018-05-29 13:37:34 -0400
Processing by HomeController#index as HTML
  Rendering home/index.html.erb within layouts/application
  Rendered home/index.html.erb within layouts/application (1.2ms)
Completed 200 OK in 36ms (Views: 34.2ms)


Started GET "/" for 127.0.0.1 at 2018-05-29 13:38:15 -0400
Processing by HomeController#index as HTML
  Rendering home/index.html.erb within layouts/application
  Rendered home/index.html.erb within layouts/application (1.0ms)
Completed 200 OK in 42ms (Views: 40.3ms)


Started GET "/" for 127.0.0.1 at 2018-05-29 13:42:56 -0400
Processing by HomeController#index as HTML
  Rendering home/index.html.erb within layouts/application
  Rendered home/index.html.erb within layouts/application (1.1ms)
Completed 200 OK in 37ms (Views: 35.9ms)


Started GET "/" for 127.0.0.1 at 2018-05-29 13:44:19 -0400
Processing by HomeController#index as HTML
  Rendering home/index.html.erb within layouts/application
  Rendered home/index.html.erb within layouts/application (1.2ms)
Completed 200 OK in 42ms (Views: 40.1ms)


Started GET "/" for 127.0.0.1 at 2018-05-29 13:44:35 -0400
Processing by HomeController#index as HTML
  Rendering home/index.html.erb within layouts/application
  Rendered home/index.html.erb within layouts/application (1.4ms)
Completed 200 OK in 49ms (Views: 46.2ms)


Started GET "/" for 127.0.0.1 at 2018-05-29 13:44:47 -0400
Processing by HomeController#index as HTML
  Rendering home/index.html.erb within layouts/application
  Rendered home/index.html.erb within layouts/application (1.5ms)
Completed 200 OK in 53ms (Views: 49.8ms)


Started GET "/" for 127.0.0.1 at 2018-05-29 13:44:57 -0400
Processing by HomeController#index as HTML
  Rendering home/index.html.erb within layouts/application
  Rendered home/index.html.erb within layouts/application (1.2ms)
Completed 200 OK in 32ms (Views: 29.9ms)


Started GET "/" for 127.0.0.1 at 2018-05-29 13:46:16 -0400
Processing by HomeController#index as HTML
  Rendering home/index.html.erb within layouts/application
  Rendered home/index.html.erb within layouts/application (0.7ms)
Completed 200 OK in 27ms (Views: 25.0ms)


Started GET "/" for 127.0.0.1 at 2018-05-29 13:56:47 -0400
Processing by HomeController#index as HTML
  Rendering home/index.html.erb within layouts/application
  Rendered home/index.html.erb within layouts/application (1.0ms)
Completed 200 OK in 35ms (Views: 33.2ms)


Started GET "/" for 127.0.0.1 at 2018-05-29 14:04:26 -0400
Processing by HomeController#index as HTML
  Rendering home/index.html.erb within layouts/application
  Rendered home/index.html.erb within layouts/application (1.0ms)
Completed 200 OK in 26ms (Views: 24.4ms)


Started GET "/" for 127.0.0.1 at 2018-05-29 14:07:05 -0400
Processing by HomeController#index as HTML
  Rendering home/index.html.erb within layouts/application
  Rendered home/index.html.erb within layouts/application (1.2ms)
Completed 200 OK in 33ms (Views: 32.1ms)


Started GET "/" for 127.0.0.1 at 2018-05-29 14:08:29 -0400
Processing by HomeController#index as HTML
  Rendering home/index.html.erb within layouts/application
  Rendered home/index.html.erb within layouts/application (0.9ms)
Completed 200 OK in 33ms (Views: 31.3ms)


Started GET "/" for 127.0.0.1 at 2018-05-29 14:11:08 -0400
Processing by HomeController#index as HTML
  Rendering home/index.html.erb within layouts/application
  Rendered home/index.html.erb within layouts/application (1.3ms)
Completed 200 OK in 40ms (Views: 38.3ms)


Started GET "/" for 127.0.0.1 at 2018-05-29 14:11:58 -0400
Processing by HomeController#index as HTML
  Rendering home/index.html.erb within layouts/application
  Rendered home/index.html.erb within layouts/application (0.8ms)
Completed 200 OK in 38ms (Views: 35.7ms)


Started GET "/" for 127.0.0.1 at 2018-05-29 14:12:07 -0400
Processing by HomeController#index as HTML
  Rendering home/index.html.erb within layouts/application
  Rendered home/index.html.erb within layouts/application (1.1ms)
Completed 200 OK in 27ms (Views: 25.5ms)


Started GET "/" for 127.0.0.1 at 2018-05-29 14:12:31 -0400
Processing by HomeController#index as HTML
  Rendering home/index.html.erb within layouts/application
  Rendered home/index.html.erb within layouts/application (1.5ms)
Completed 200 OK in 434ms (Views: 266.3ms)


Started GET "/" for 127.0.0.1 at 2018-05-29 14:16:06 -0400
Processing by HomeController#index as HTML
  Rendering home/index.html.erb within layouts/application
  Rendered home/index.html.erb within layouts/application (1.1ms)
Completed 200 OK in 27ms (Views: 25.4ms)


Started GET "/" for 127.0.0.1 at 2018-05-29 14:18:56 -0400
Processing by HomeController#index as HTML
  Rendering home/index.html.erb within layouts/application
  Rendered home/index.html.erb within layouts/application (0.9ms)
Completed 200 OK in 31ms (Views: 28.7ms)


Started GET "/" for 127.0.0.1 at 2018-05-29 14:19:29 -0400
Processing by HomeController#index as HTML
  Rendering home/index.html.erb within layouts/application
  Rendered home/index.html.erb within layouts/application (1.2ms)
Completed 200 OK in 32ms (Views: 29.9ms)


Started GET "/" for 127.0.0.1 at 2018-05-29 14:20:03 -0400
Processing by HomeController#index as HTML
  Rendering home/index.html.erb within layouts/application
  Rendered home/index.html.erb within layouts/application (1.8ms)
Completed 200 OK in 51ms (Views: 49.5ms)


Started GET "/" for 127.0.0.1 at 2018-05-29 14:24:23 -0400
Processing by HomeController#index as HTML
  Rendering home/index.html.erb within layouts/application
  Rendered home/index.html.erb within layouts/application (0.9ms)
Completed 200 OK in 30ms (Views: 28.9ms)


Started GET "/" for 127.0.0.1 at 2018-05-29 14:24:56 -0400
Processing by HomeController#index as HTML
  Rendering home/index.html.erb within layouts/application
  Rendered home/index.html.erb within layouts/application (0.8ms)
Completed 200 OK in 35ms (Views: 33.2ms)


Started GET "/" for 127.0.0.1 at 2018-05-29 14:42:19 -0400
Processing by HomeController#index as HTML
  Rendering home/index.html.erb within layouts/application
  Rendered home/index.html.erb within layouts/application (0.9ms)
Completed 200 OK in 40ms (Views: 38.9ms)


Started GET "/" for 127.0.0.1 at 2018-05-29 14:43:11 -0400
Processing by HomeController#index as HTML
  Rendering home/index.html.erb within layouts/application
  Rendered home/index.html.erb within layouts/application (0.8ms)
Completed 200 OK in 28ms (Views: 26.8ms)


Started GET "/" for 127.0.0.1 at 2018-05-29 14:56:22 -0400
Processing by HomeController#index as HTML
  Rendering home/index.html.erb within layouts/application
  Rendered home/index.html.erb within layouts/application (1.3ms)
Completed 200 OK in 33ms (Views: 30.8ms)


Started GET "/" for 127.0.0.1 at 2018-05-29 14:58:48 -0400
Processing by HomeController#index as HTML
  Rendering home/index.html.erb within layouts/application
  Rendered home/index.html.erb within layouts/application (1.2ms)
Completed 200 OK in 30ms (Views: 27.6ms)


Started GET "/" for 127.0.0.1 at 2018-05-29 14:59:52 -0400
Processing by HomeController#index as HTML
  Rendering home/index.html.erb within layouts/application
  Rendered home/index.html.erb within layouts/application (0.8ms)
Completed 200 OK in 27ms (Views: 24.7ms)


Started GET "/" for 127.0.0.1 at 2018-05-29 15:01:09 -0400
Processing by HomeController#index as HTML
  Rendering home/index.html.erb within layouts/application
  Rendered home/index.html.erb within layouts/application (0.8ms)
Completed 200 OK in 37ms (Views: 35.8ms)


